# JRE version: OpenJDK Runtime Environment (8.0_152-b02) (build 1.8.0_152-release-1024-b02)
# Java VM: OpenJDK 64-Bit Server VM (25.152-b02 mixed mode windows-amd64 compressed oops)
Heap:
 PSYoungGen      total 680960K, used 518488K [0x0000000715580000, 0x0000000746480000, 0x00000007c0000000)
  eden space 577536K, 87% used [0x0000000715580000,0x00000007344e3648,0x0000000738980000)
  from space 103424K, 10% used [0x000000073ff80000,0x0000000740a72ac0,0x0000000746480000)
  to   space 112128K, 0% used [0x0000000738980000,0x0000000738980000,0x000000073f700000)
 ParOldGen       total 401920K, used 99280K [0x00000005c0000000, 0x00000005d8880000, 0x0000000715580000)
  object space 401920K, 24% used [0x00000005c0000000,0x00000005c60f4018,0x00000005d8880000)
 Metaspace       used 90244K, capacity 94658K, committed 94848K, reserved 1132544K
  class space    used 11470K, capacity 12384K, committed 12416K, reserved 1048576K
GC Heap History (10 events):
Event: 851.907 GC heap before
{Heap before GC invocations=26 (full 4):
 PSYoungGen      total 489472K, used 370259K [0x0000000715580000, 0x000000073ee00000, 0x00000007c0000000)
  eden space 356352K, 99% used [0x0000000715580000,0x000000072b0ca300,0x000000072b180000)
  from space 133120K, 10% used [0x000000072b180000,0x000000072bfcaa30,0x0000000733380000)
  to   space 131584K, 0% used [0x0000000736d80000,0x0000000736d80000,0x000000073ee00000)
 ParOldGen       total 401920K, used 89764K [0x00000005c0000000, 0x00000005d8880000, 0x0000000715580000)
  object space 401920K, 22% used [0x00000005c0000000,0x00000005c57a9118,0x00000005d8880000)
 Metaspace       used 87822K, capacity 91958K, committed 92032K, reserved 1128448K
  class space    used 11231K, capacity 12086K, committed 12160K, reserved 1048576K
Event: 851.913 GC heap after
Heap after GC invocations=26 (full 4):
 PSYoungGen      total 550912K, used 11612K [0x0000000715580000, 0x0000000740b00000, 0x00000007c0000000)
  eden space 419328K, 0% used [0x0000000715580000,0x0000000715580000,0x000000072ef00000)
  from space 131584K, 8% used [0x0000000736d80000,0x00000007378d7010,0x000000073ee00000)
  to   space 129536K, 0% used [0x000000072ef00000,0x000000072ef00000,0x0000000736d80000)
 ParOldGen       total 401920K, used 89772K [0x00000005c0000000, 0x00000005d8880000, 0x0000000715580000)
  object space 401920K, 22% used [0x00000005c0000000,0x00000005c57ab118,0x00000005d8880000)
 Metaspace       used 87822K, capacity 91958K, committed 92032K, reserved 1128448K
  class space    used 11231K, capacity 12086K, committed 12160K, reserved 1048576K
}
Event: 873.339 GC heap before
{Heap before GC invocations=27 (full 4):
 PSYoungGen      total 550912K, used 430940K [0x0000000715580000, 0x0000000740b00000, 0x00000007c0000000)
  eden space 419328K, 100% used [0x0000000715580000,0x000000072ef00000,0x000000072ef00000)
  from space 131584K, 8% used [0x0000000736d80000,0x00000007378d7010,0x000000073ee00000)
  to   space 129536K, 0% used [0x000000072ef00000,0x000000072ef00000,0x0000000736d80000)
 ParOldGen       total 401920K, used 89772K [0x00000005c0000000, 0x00000005d8880000, 0x0000000715580000)
  object space 401920K, 22% used [0x00000005c0000000,0x00000005c57ab118,0x00000005d8880000)
 Metaspace       used 88846K, capacity 93200K, committed 93440K, reserved 1130496K
  class space    used 11340K, capacity 12247K, committed 12288K, reserved 1048576K
Event: 873.348 GC heap after
Heap after GC invocations=27 (full 4):
 PSYoungGen      total 548864K, used 11645K [0x0000000715580000, 0x0000000744880000, 0x00000007c0000000)
  eden space 419328K, 0% used [0x0000000715580000,0x0000000715580000,0x000000072ef00000)
  from space 129536K, 8% used [0x000000072ef00000,0x000000072fa5f550,0x0000000736d80000)
  to   space 126976K, 0% used [0x000000073cc80000,0x000000073cc80000,0x0000000744880000)
 ParOldGen       total 401920K, used 89780K [0x00000005c0000000, 0x00000005d8880000, 0x0000000715580000)
  object space 401920K, 22% used [0x00000005c0000000,0x00000005c57ad118,0x00000005d8880000)
 Metaspace       used 88846K, capacity 93200K, committed 93440K, reserved 1130496K
  class space    used 11340K, capacity 12247K, committed 12288K, reserved 1048576K
}
Event: 880.489 GC heap before
{Heap before GC invocations=28 (full 4):
 PSYoungGen      total 548864K, used 430973K [0x0000000715580000, 0x0000000744880000, 0x00000007c0000000)
  eden space 419328K, 100% used [0x0000000715580000,0x000000072ef00000,0x000000072ef00000)
  from space 129536K, 8% used [0x000000072ef00000,0x000000072fa5f550,0x0000000736d80000)
  to   space 126976K, 0% used [0x000000073cc80000,0x000000073cc80000,0x0000000744880000)
 ParOldGen       total 401920K, used 89780K [0x00000005c0000000, 0x00000005d8880000, 0x0000000715580000)
  object space 401920K, 22% used [0x00000005c0000000,0x00000005c57ad118,0x00000005d8880000)
 Metaspace       used 88948K, capacity 93310K, committed 93440K, reserved 1130496K
  class space    used 11348K, capacity 12254K, committed 12288K, reserved 1048576K
Event: 880.512 GC heap after
Heap after GC invocations=28 (full 4):
 PSYoungGen      total 612352K, used 29328K [0x0000000715580000, 0x0000000743180000, 0x00000007c0000000)
  eden space 508928K, 0% used [0x0000000715580000,0x0000000715580000,0x0000000734680000)
  from space 103424K, 28% used [0x000000073cc80000,0x000000073e9240f0,0x0000000743180000)
  to   space 120320K, 0% used [0x0000000734680000,0x0000000734680000,0x000000073bc00000)
 ParOldGen       total 401920K, used 89788K [0x00000005c0000000, 0x00000005d8880000, 0x0000000715580000)
  object space 401920K, 22% used [0x00000005c0000000,0x00000005c57af118,0x00000005d8880000)
 Metaspace       used 88948K, capacity 93310K, committed 93440K, reserved 1130496K
  class space    used 11348K, capacity 12254K, committed 12288K, reserved 1048576K
}
Event: 883.207 GC heap before
{Heap before GC invocations=29 (full 4):
 PSYoungGen      total 612352K, used 538256K [0x0000000715580000, 0x0000000743180000, 0x00000007c0000000)
  eden space 508928K, 100% used [0x0000000715580000,0x0000000734680000,0x0000000734680000)
  from space 103424K, 28% used [0x000000073cc80000,0x000000073e9240f0,0x0000000743180000)
  to   space 120320K, 0% used [0x0000000734680000,0x0000000734680000,0x000000073bc00000)
 ParOldGen       total 401920K, used 89788K [0x00000005c0000000, 0x00000005d8880000, 0x0000000715580000)
  object space 401920K, 22% used [0x00000005c0000000,0x00000005c57af118,0x00000005d8880000)
 Metaspace       used 89087K, capacity 93458K, committed 93696K, reserved 1130496K
  class space    used 11354K, capacity 12256K, committed 12288K, reserved 1048576K
Event: 883.230 GC heap after
Heap after GC invocations=29 (full 4):
 PSYoungGen      total 629248K, used 25987K [0x0000000715580000, 0x0000000746f80000, 0x00000007c0000000)
  eden space 508928K, 0% used [0x0000000715580000,0x0000000715580000,0x0000000734680000)
  from space 120320K, 21% used [0x0000000734680000,0x0000000735fe0f28,0x000000073bc00000)
  to   space 114688K, 0% used [0x000000073ff80000,0x000000073ff80000,0x0000000746f80000)
 ParOldGen       total 401920K, used 97147K [0x00000005c0000000, 0x00000005d8880000, 0x0000000715580000)
  object space 401920K, 24% used [0x00000005c0000000,0x00000005c5edef60,0x00000005d8880000)
 Metaspace       used 89087K, capacity 93458K, committed 93696K, reserved 1130496K
  class space    used 11354K, capacity 12256K, committed 12288K, reserved 1048576K
}
Event: 884.450 GC heap before
{Heap before GC invocations=30 (full 4):
 PSYoungGen      total 629248K, used 534913K [0x0000000715580000, 0x0000000746f80000, 0x00000007c0000000)
  eden space 508928K, 99% used [0x0000000715580000,0x000000073467f758,0x0000000734680000)
  from space 120320K, 21% used [0x0000000734680000,0x0000000735fe0f28,0x000000073bc00000)
  to   space 114688K, 0% used [0x000000073ff80000,0x000000073ff80000,0x0000000746f80000)
 ParOldGen       total 401920K, used 97147K [0x00000005c0000000, 0x00000005d8880000, 0x0000000715580000)
  object space 401920K, 24% used [0x00000005c0000000,0x00000005c5edef60,0x00000005d8880000)
 Metaspace       used 89119K, capacity 93466K, committed 93696K, reserved 1130496K
  class space    used 11354K, capacity 12256K, committed 12288K, reserved 1048576K
Event: 884.460 GC heap after
Heap after GC invocations=30 (full 4):
 PSYoungGen      total 680960K, used 11210K [0x0000000715580000, 0x0000000746480000, 0x00000007c0000000)
  eden space 577536K, 0% used [0x0000000715580000,0x0000000715580000,0x0000000738980000)
  from space 103424K, 10% used [0x000000073ff80000,0x0000000740a72ac0,0x0000000746480000)
  to   space 112128K, 0% used [0x0000000738980000,0x0000000738980000,0x000000073f700000)
 ParOldGen       total 401920K, used 99280K [0x00000005c0000000, 0x00000005d8880000, 0x0000000715580000)
  object space 401920K, 24% used [0x00000005c0000000,0x00000005c60f4018,0x00000005d8880000)
 Metaspace       used 89119K, capacity 93466K, committed 93696K, reserved 1130496K
  class space    used 11354K, capacity 12256K, committed 12288K, reserved 1048576K
}

