# JRE version: OpenJDK Runtime Environment (8.0_152-b02) (build 1.8.0_152-release-1024-b02)
# Java VM: OpenJDK 64-Bit Server VM (25.152-b02 mixed mode windows-amd64 compressed oops)
Heap:
 PSYoungGen      total 76288K, used 20080K [0x0000000715580000, 0x000000071aa80000, 0x00000007c0000000)
  eden space 65536K, 14% used [0x0000000715580000,0x0000000715ea2c00,0x0000000719580000)
  from space 10752K, 99% used [0x000000071a000000,0x000000071aa79618,0x000000071aa80000)
  to   space 10752K, 0% used [0x0000000719580000,0x0000000719580000,0x000000071a000000)
 ParOldGen       total 175104K, used 384K [0x00000005c0000000, 0x00000005cab00000, 0x0000000715580000)
  object space 175104K, 0% used [0x00000005c0000000,0x00000005c0060030,0x00000005cab00000)
 Metaspace       used 18168K, capacity 18620K, committed 18688K, reserved 1069056K
  class space    used 2600K, capacity 2754K, committed 2816K, reserved 1048576K
GC Heap History (5 events):
Event: 1.674 GC heap before
{Heap before GC invocations=1 (full 0):
 PSYoungGen      total 76288K, used 65536K [0x0000000715580000, 0x000000071aa80000, 0x00000007c0000000)
  eden space 65536K, 100% used [0x0000000715580000,0x0000000719580000,0x0000000719580000)
  from space 10752K, 0% used [0x000000071a000000,0x000000071a000000,0x000000071aa80000)
  to   space 10752K, 0% used [0x0000000719580000,0x0000000719580000,0x000000071a000000)
 ParOldGen       total 175104K, used 0K [0x00000005c0000000, 0x00000005cab00000, 0x0000000715580000)
  object space 175104K, 0% used [0x00000005c0000000,0x00000005c0000000,0x00000005cab00000)
 Metaspace       used 10593K, capacity 10932K, committed 11008K, reserved 1058816K
  class space    used 1385K, capacity 1490K, committed 1536K, reserved 1048576K
Event: 1.684 GC heap after
Heap after GC invocations=1 (full 0):
 PSYoungGen      total 76288K, used 7905K [0x0000000715580000, 0x000000071aa80000, 0x00000007c0000000)
  eden space 65536K, 0% used [0x0000000715580000,0x0000000715580000,0x0000000719580000)
  from space 10752K, 73% used [0x0000000719580000,0x0000000719d387b0,0x000000071a000000)
  to   space 10752K, 0% used [0x000000071a000000,0x000000071a000000,0x000000071aa80000)
 ParOldGen       total 175104K, used 16K [0x00000005c0000000, 0x00000005cab00000, 0x0000000715580000)
  object space 175104K, 0% used [0x00000005c0000000,0x00000005c0004000,0x00000005cab00000)
 Metaspace       used 10593K, capacity 10932K, committed 11008K, reserved 1058816K
  class space    used 1385K, capacity 1490K, committed 1536K, reserved 1048576K
}
Event: 2.430 GC heap before
{Heap before GC invocations=2 (full 0):
 PSYoungGen      total 76288K, used 73441K [0x0000000715580000, 0x000000071aa80000, 0x00000007c0000000)
  eden space 65536K, 100% used [0x0000000715580000,0x0000000719580000,0x0000000719580000)
  from space 10752K, 73% used [0x0000000719580000,0x0000000719d387b0,0x000000071a000000)
  to   space 10752K, 0% used [0x000000071a000000,0x000000071a000000,0x000000071aa80000)
 ParOldGen       total 175104K, used 16K [0x00000005c0000000, 0x00000005cab00000, 0x0000000715580000)
  object space 175104K, 0% used [0x00000005c0000000,0x00000005c0004000,0x00000005cab00000)
 Metaspace       used 17105K, capacity 17498K, committed 17792K, reserved 1064960K
  class space    used 2459K, capacity 2579K, committed 2688K, reserved 1048576K
Event: 2.442 GC heap after
Heap after GC invocations=2 (full 0):
 PSYoungGen      total 76288K, used 10725K [0x0000000715580000, 0x000000071aa80000, 0x00000007c0000000)
  eden space 65536K, 0% used [0x0000000715580000,0x0000000715580000,0x0000000719580000)
  from space 10752K, 99% used [0x000000071a000000,0x000000071aa79618,0x000000071aa80000)
  to   space 10752K, 0% used [0x0000000719580000,0x0000000719580000,0x000000071a000000)
 ParOldGen       total 175104K, used 384K [0x00000005c0000000, 0x00000005cab00000, 0x0000000715580000)
  object space 175104K, 0% used [0x00000005c0000000,0x00000005c0060030,0x00000005cab00000)
 Metaspace       used 17105K, capacity 17498K, committed 17792K, reserved 1064960K
  class space    used 2459K, capacity 2579K, committed 2688K, reserved 1048576K
}
Event: 2.581 GC heap before
{Heap before GC invocations=3 (full 0):
 PSYoungGen      total 76288K, used 20080K [0x0000000715580000, 0x000000071aa80000, 0x00000007c0000000)
  eden space 65536K, 14% used [0x0000000715580000,0x0000000715ea2c00,0x0000000719580000)
  from space 10752K, 99% used [0x000000071a000000,0x000000071aa79618,0x000000071aa80000)
  to   space 10752K, 0% used [0x0000000719580000,0x0000000719580000,0x000000071a000000)
 ParOldGen       total 175104K, used 384K [0x00000005c0000000, 0x00000005cab00000, 0x0000000715580000)
  object space 175104K, 0% used [0x00000005c0000000,0x00000005c0060030,0x00000005cab00000)
 Metaspace       used 18168K, capacity 18620K, committed 18688K, reserved 1069056K
  class space    used 2600K, capacity 2754K, committed 2816K, reserved 1048576K

